<<<<<<< HEAD
﻿  particleSystem.cpp
D:\UCV\Proyectos\Uni\Graficas 3\CG3-P2\basicDemo\Api\particle\particleSystem.cpp(73,29): warning C4244: '+=': conversión de 'double' a 'float'; posible pérdida de datos
D:\UCV\Proyectos\Uni\Graficas 3\CG3-P2\basicDemo\Api\particle\particleSystem.cpp(100,29): warning C4018: '<': no coinciden signed/unsigned
D:\UCV\Proyectos\Uni\Graficas 3\CG3-P2\basicDemo\Api\particle\particleSystem.cpp(115,31): warning C4018: '<': no coinciden signed/unsigned
D:\UCV\Proyectos\Uni\Graficas 3\CG3-P2\basicDemo\include\glm\detail\type_vec4.inl(541,106): warning C4244: 'argumento': conversión de 'U' a 'T'; posible pérdida de datos
          with
          [
              U=double
          ]
          and
          [
              T=float
          ]
D:\UCV\Proyectos\Uni\Graficas 3\CG3-P2\basicDemo\Api\particle\particleSystem.cpp(87): message : Vea la referencia a la creación de una instancia de la función plantilla "glm::vec<4,float,0> &glm::vec<4,float,0>::operator +=<double>(U)" que se está compilando
          with
          [
              U=double
          ]
D:\UCV\Proyectos\Uni\Graficas 3\CG3-P2\basicDemo\Api\particle\particleSystem.cpp(87): message : Vea la referencia a la creación de una instancia de la función plantilla "glm::vec<4,float,0> &glm::vec<4,float,0>::operator +=<double>(U)" que se está compilando
          with
          [
              U=double
          ]
=======
<<<<<<< HEAD
﻿  main.cpp
C:\Users\Yuliana\Desktop\CG3-P2\basicDemo\main.cpp(82,28): warning C4473: "fscanf_s": no se pasaron suficientes argumentos para la cadena de formato
C:\Users\Yuliana\Desktop\CG3-P2\basicDemo\main.cpp(82,28): message : los marcadores de posición y sus parámetros esperan 2 argumentos variádicos, pero se proporcionaron 1
C:\Users\Yuliana\Desktop\CG3-P2\basicDemo\main.cpp(82,28): message : el argumento variádico 2 que falta es requerido por la cadena de formato '%s'
C:\Users\Yuliana\Desktop\CG3-P2\basicDemo\main.cpp(82,28): message : este argumento se utiliza como un tamaño de búfer
C:\Users\Yuliana\Desktop\CG3-P2\basicDemo\main.cpp(63,27): warning C4101: 'modelId': variable local sin referencia
  Generando código
  163 of 1787 functions ( 9.1%) were compiled, the rest were copied from previous compilation.
    1 functions were new in current compilation
    32 functions had inline decision re-evaluated but remain unchanged
=======
﻿  Mesh.cpp
D:\UCV\Proyectos\Uni\Graficas 3\CG3-P2\basicDemo\Api\model\Mesh.cpp(36,28): warning C4267: '=': conversión de 'size_t' a 'int'; posible pérdida de datos
D:\UCV\Proyectos\Uni\Graficas 3\CG3-P2\basicDemo\Api\model\Mesh.cpp(97,37): warning C4267: 'inicializando': conversión de 'size_t' a 'int'; posible pérdida de datos
D:\UCV\Proyectos\Uni\Graficas 3\CG3-P2\basicDemo\Api\model\Mesh.cpp(98,32): warning C4018: '<': no coinciden signed/unsigned
D:\UCV\Proyectos\Uni\Graficas 3\CG3-P2\basicDemo\Api\model\Mesh.cpp(133,37): warning C4267: 'inicializando': conversión de 'size_t' a 'int'; posible pérdida de datos
D:\UCV\Proyectos\Uni\Graficas 3\CG3-P2\basicDemo\Api\model\Mesh.cpp(135,32): warning C4018: '<': no coinciden signed/unsigned
>>>>>>> 3f9b616cb786190be7aa30677e2fd75d3f3ec231
  Generando código
  1 of 1657 functions (<0.1%) were compiled, the rest were copied from previous compilation.
    0 functions were new in current compilation
<<<<<<< HEAD
    19 functions had inline decision re-evaluated but remain unchanged
=======
    20 functions had inline decision re-evaluated but remain unchanged
>>>>>>> rick
>>>>>>> 3f9b616cb786190be7aa30677e2fd75d3f3ec231
  Generación de código finalizada
  basicDemo.vcxproj -> D:\UCV\Proyectos\Uni\Graficas 3\CG3-P2\\Release\basicDemo.exe
